<?xml version="1.0" encoding="UTF-8" ?>
<testsuite tests="7" failures="0" name="test.java.PlayerTest" time="0.006" errors="0" skipped="0">
  <properties>
[...]
</properties>
  <testcase classname="test.java.PlayerTest" name="samScoreBelowLimit_samRequestsCard" time="0.001"/>
  <testcase classname="test.java.PlayerTest" name="playersHaveEqualHandValue_dealerDecision_dealerContinues" time="0.001"/>
  <testcase classname="test.java.PlayerTest" name="dealerCardsHigherThanSam_dealerStops" time="0.001"/>
  <testcase classname="test.java.PlayerTest" name="samHasBust_gameEndsWithNoMoreCardsDrawn" time="0.001"/>
  <testcase classname="test.java.PlayerTest" name="samHasBlackjack_dealerStops" time="0.001"/>
  <testcase classname="test.java.PlayerTest" name="samHitsLimit_samStops" time="0.001"/>
  <testcase classname="test.java.PlayerTest" name="samHasBlackjack_samStops" time="0"/>
</testsuite>